Arguments: 
  C:\Program Files\nodejs\node.exe C:\Users\bytenaija\AppData\Roaming\npm\node_modules\yarn\bin\yarn.js add

PATH: 
  C:\Program Files\Git\mingw64\bin;C:\Program Files\Git\usr\bin;C:\Users\bytenaija\bin;C:\Program Files (x86)\ImageMagick-7.0.7-Q16;C:\Program Files (x86)\Common Files\Oracle\Java\javapath;C:\Program Files\Python36\Scripts;C:\Program Files\Python36;C:\WINDOWS\system32;C:\WINDOWS;C:\WINDOWS\System32\Wbem;C:\WINDOWS\System32\WindowsPowerShell\v1.0;C:\Program Files\nodejs;C:\xampp\php;C:\ProgramData\ComposerSetup\bin;C:\Program Files (x86)\WinMerge;D:\ffmeg\bin;C:\ProgramData\chocolatey\bin;C:\Program Files\Java\jdk1.8.0_172\bin;C:\Android\android-sdk\tools;C:\img\bin;C:\Android\android-sdk\platform-tools;C:\flutter\bin;C:\xampp\php\ext;C:\WINDOWS\System32\OpenSSH;C:\Program Files\Git\cmd;C:\Program Files\Git\mingw64\bin;C:\Program Files\Git\usr\bin;C:\PostgreSQL\pg10\bin;C:\Program Files (x86)\Google\Cloud SDK\google-cloud-sdk\bin;C:\RailsInstaller\Git\cmd;C:\RailsInstaller\Ruby2.3.3\bin;C:\Users\bytenaija\AppData\Local\Microsoft\WindowsApps;C:\Users\bytenaija\AppData\Roaming\npm;C:\Program Files\Microsoft VS Code\bin;C:\Users\bytenaija\AppData\Roaming\Composer\vendor\bin;C:\Program Files\heroku\bin;C:\PostgreSQL\pg10\bin;C:\Users\bytenaija\.rvm\bin

Yarn version: 
  1.5.1

Node version: 
  8.10.0

Platform: 
  win32 x64

npm manifest: 
  {
      "name": "foodgatsby",
      "version": "1.0.0",
      "description": "Food delivery service",
      "main": "build",
      "scripts": {
          "clean": "rm -rf build && mkdir build",
          "build-babel": "babel -d ./build ./src -s",
          "dev": "nodemon server.js",
          "build": "npm run clean && npm run build",
          "start": "node ./build/server.js",
          "postinstall": "npm run -s build",
          "test": "eslint src"
      },
      "author": "Everistu Olumese::InnoverNG <everistusolumese@gmail.com>",
      "license": "ISC",
      "dependencies": {
          "apollo-errors": "^1.9.0",
          "babel-cli": "^6.26.0",
          "babel-core": "^6.26.3",
          "babel-plugin-transform-object-rest-spread": "^6.26.0",
          "babel-polyfill": "^6.26.0",
          "babel-preset-env": "^1.7.0",
          "bcrypt": "^2.0.1",
          "bcrypt-promise": "^2.0.0",
          "body-parser": "^1.18.3",
          "cors": "^2.8.4",
          "email-templates": "^4.0.1",
          "express": "^4.16.3",
          "express-graphql": "^0.6.12",
          "graphql": "^0.13.2",
          "graphql-import": "^0.6.0",
          "graphql-relay": "^0.5.5",
          "graphql-tools": "^3.0.2",
          "jsonwebtoken": "^8.2.2",
          "morgan": "^1.9.0",
          "nodemailer": "^4.6.6",
          "passport": "^0.4.0",
          "pg": "^7.4.3",
          "pg-hstore": "^2.3.2",
          "pug": "^2.0.3",
          "sequelize": "^4.37.10",
          "uninstall": "0.0.0"
      },
      "eslintConfig": {
          "extends": "eslint:recommended",
          "parserOptions": {
              "ecmaVersion": 7,
              "sourceType": "module"
          },
          "env": {
              "node": true
          },
          "rules": {
              "no-console": 0,
              "no-unused-vars": 1
          }
      },
      "engines": {
          "node": "8.10.x",
          "npm": "6.x"
      },
      "devDependencies": {
          "@types/graphql": "^0.13.1",
          "nodemon": "^1.17.5"
      }
  }

yarn manifest: 
  No manifest

Lockfile: 
  No lockfile

Trace: 
  Error: Missing list of packages to add to your project.
      at new MessageError (C:\Users\bytenaija\AppData\Roaming\npm\node_modules\yarn\lib\cli.js:186:110)
      at Object.<anonymous> (C:\Users\bytenaija\AppData\Roaming\npm\node_modules\yarn\lib\cli.js:40587:13)
      at Generator.next (<anonymous>)
      at step (C:\Users\bytenaija\AppData\Roaming\npm\node_modules\yarn\lib\cli.js:98:30)
      at C:\Users\bytenaija\AppData\Roaming\npm\node_modules\yarn\lib\cli.js:116:14
      at new Promise (<anonymous>)
      at new F (C:\Users\bytenaija\AppData\Roaming\npm\node_modules\yarn\lib\cli.js:23451:28)
      at Object.<anonymous> (C:\Users\bytenaija\AppData\Roaming\npm\node_modules\yarn\lib\cli.js:95:12)
      at Object.run (C:\Users\bytenaija\AppData\Roaming\npm\node_modules\yarn\lib\cli.js:40599:19)
      at run (C:\Users\bytenaija\AppData\Roaming\npm\node_modules\yarn\lib\cli.js:89113:20)
